<?xml version="1.0" encoding="UTF-8"?>
<!-- Generated by org.testng.reporters.JUnitReportReporter -->
<testsuite hostname="DESKTOP-LEE528R" failures="0" tests="1" name="com.obsquera.TestNG.Asserts" time="10.690" errors="0" timestamp="2023-06-01T08:10:16 IST" skipped="0">
  <testcase classname="com.obsquera.TestNG.Asserts" name="assertNotNullSample" time="10.690"/>
  <system-out/>
</testsuite> <!-- com.obsquera.TestNG.Asserts -->
