<?xml version="1.0" encoding="UTF-8"?>
<!-- Generated by org.testng.reporters.JUnitReportReporter -->
<testsuite hostname="DESKTOP-LEE528R" failures="0" tests="2" name="com.obsquera.TestNG.AnnotationSample" time="0.032" errors="0" timestamp="2023-05-31T07:45:22 IST" skipped="0">
  <testcase classname="com.obsquera.TestNG.AnnotationSample" name="testCase2" time="0.012"/>
  <system-out/>
  <testcase classname="com.obsquera.TestNG.AnnotationSample" name="testCase1" time="0.020"/>
  <system-out/>
</testsuite> <!-- com.obsquera.TestNG.AnnotationSample -->
