<?xml version="1.0" encoding="UTF-8"?>
<!-- Generated by org.testng.reporters.JUnitReportReporter -->
<testsuite hostname="DESKTOP-LEE528R" failures="0" tests="1" name="com.obsquera.TestNG.RadioButton" time="7.412" errors="0" timestamp="2023-06-01T22:45:32 IST" skipped="0">
  <testcase classname="com.obsquera.TestNG.RadioButton" name="radioButton" time="7.412"/>
  <system-out/>
</testsuite> <!-- com.obsquera.TestNG.RadioButton -->
