<?xml version="1.0" encoding="UTF-8"?>
<!-- Generated by org.testng.reporters.JUnitReportReporter -->
<testsuite hostname="DESKTOP-LEE528R" failures="0" tests="1" name="com.obsquera.TestNG.AutoItSampleClass" time="12.203" errors="0" timestamp="2023-06-06T22:08:41 IST" skipped="0">
  <testcase classname="com.obsquera.TestNG.AutoItSampleClass" name="fileUploadUsingSendKeys" time="12.203"/>
  <system-out/>
</testsuite> <!-- com.obsquera.TestNG.AutoItSampleClass -->
