<?xml version="1.0" encoding="UTF-8"?>
<!-- Generated by org.testng.reporters.JUnitReportReporter -->
<testsuite hostname="DESKTOP-LEE528R" failures="0" tests="1" name="com.obsquera.TestNG.Iframe" time="32.945" errors="0" timestamp="2023-06-02T08:06:36 IST" skipped="0">
  <testcase classname="com.obsquera.TestNG.Iframe" name="iFrameSample" time="32.945"/>
  <system-out/>
</testsuite> <!-- com.obsquera.TestNG.Iframe -->
