<?xml version="1.0" encoding="UTF-8"?>
<!-- Generated by org.testng.reporters.JUnitReportReporter -->
<testsuite hostname="DESKTOP-LEE528R" failures="0" tests="1" name="com.obsquera.TestNG.Menu" time="14.749" errors="0" timestamp="2023-06-04T14:32:01 IST" skipped="0">
  <testcase classname="com.obsquera.TestNG.Menu" name="menuSelection" time="14.749"/>
  <system-out/>
</testsuite> <!-- com.obsquera.TestNG.Menu -->
