<?xml version="1.0" encoding="UTF-8"?>
<!-- Generated by org.testng.reporters.JUnitReportReporter -->
<testsuite hostname="DESKTOP-LEE528R" failures="0" tests="1" name="com.obsquera.TestNG.Base" time="0.010" errors="0" timestamp="2023-05-30T08:16:19 IST" skipped="0">
  <testcase classname="com.obsquera.TestNG.Base" name="testCase1" time="0.010"/>
  <system-out/>
</testsuite> <!-- com.obsquera.TestNG.Base -->
